<?xml version="1.0" encoding="UTF-8"?>
<!-- Generated by org.testng.reporters.JUnitXMLReporter -->
<testsuite hostname="P4A-508SD66" name="Test1" tests="2" failures="1" timestamp="25 Jul 2018 06:47:13 GMT" time="0.625" errors="0">
  <testcase name="LogInvalid" time="0.026" classname="Framworktests.Logintest">
    <failure type="java.lang.AssertionError" message="expected [Tested] but found [Tested123]">
      <![CDATA[java.lang.AssertionError: expected [Tested] but found [Tested123]
	at Framworktests.Logintest.LogInvalid(Logintest.java:20)
... Removed 29 stack frames]]>
    </failure>
  </testcase> <!-- LogInvalid -->
  <testcase name="LoginValid" time="0.005" classname="Framworktests.Logintest"/>
</testsuite> <!-- Test1 -->
