<?xml version="1.0" encoding="UTF-8"?>
<!-- Generated by org.testng.reporters.JUnitXMLReporter -->
<testsuite hostname="P4A-508SD66" name="Test" tests="2" failures="1" timestamp="24 Jul 2018 07:20:25 GMT" time="0.641" errors="0">
  <testcase name="LoginInvalid" time="0.015" classname="Utilitypackage.test">
    <failure type="java.lang.AssertionError" message="expected [Tested] but found [Tested123]">
      <![CDATA[java.lang.AssertionError: expected [Tested] but found [Tested123]
	at Utilitypackage.test.LoginInvalid(test.java:21)
... Removed 29 stack frames]]>
    </failure>
  </testcase> <!-- LoginInvalid -->
  <testcase name="LoginValid" time="0.016" classname="Utilitypackage.test"/>
</testsuite> <!-- Test -->
