<?xml version="1.0" encoding="UTF-8"?>
<testng-results skipped="0" failed="1" total="3" passed="2">
  <reporter-output>
  </reporter-output>
  <suite name="Suite" duration-ms="17533" started-at="2018-07-25T06:47:13Z" finished-at="2018-07-25T06:47:30Z">
    <groups>
    </groups>
    <test name="Test1" duration-ms="625" started-at="2018-07-25T06:47:13Z" finished-at="2018-07-25T06:47:13Z">
      <class name="Framworktests.Logintest">
        <test-method status="FAIL" signature="LogInvalid()[pri:0, instance:Framworktests.Logintest@4b9e13df]" name="LogInvalid" duration-ms="26" started-at="2018-07-25T12:17:13Z" finished-at="2018-07-25T12:17:13Z">
          <exception class="java.lang.AssertionError">
            <message>
              <![CDATA[expected [Tested] but found [Tested123]]]>
            </message>
            <full-stacktrace>
              <![CDATA[java.lang.AssertionError: expected [Tested] but found [Tested123]
	at org.testng.Assert.fail(Assert.java:94)
	at org.testng.Assert.failNotEquals(Assert.java:494)
	at org.testng.Assert.assertEquals(Assert.java:123)
	at org.testng.Assert.assertEquals(Assert.java:176)
	at org.testng.Assert.assertEquals(Assert.java:186)
	at Framworktests.Logintest.LogInvalid(Logintest.java:20)
	at sun.reflect.NativeMethodAccessorImpl.invoke0(Native Method)
	at sun.reflect.NativeMethodAccessorImpl.invoke(NativeMethodAccessorImpl.java:62)
	at sun.reflect.DelegatingMethodAccessorImpl.invoke(DelegatingMethodAccessorImpl.java:43)
	at java.lang.reflect.Method.invoke(Method.java:498)
	at org.testng.internal.MethodInvocationHelper.invokeMethod(MethodInvocationHelper.java:80)
	at org.testng.internal.Invoker.invokeMethod(Invoker.java:714)
	at org.testng.internal.Invoker.invokeTestMethod(Invoker.java:901)
	at org.testng.internal.Invoker.invokeTestMethods(Invoker.java:1231)
	at org.testng.internal.TestMethodWorker.invokeTestMethods(TestMethodWorker.java:127)
	at org.testng.internal.TestMethodWorker.run(TestMethodWorker.java:111)
	at org.testng.TestRunner.privateRun(TestRunner.java:767)
	at org.testng.TestRunner.run(TestRunner.java:617)
	at org.testng.SuiteRunner.runTest(SuiteRunner.java:334)
	at org.testng.SuiteRunner.runSequentially(SuiteRunner.java:329)
	at org.testng.SuiteRunner.privateRun(SuiteRunner.java:291)
	at org.testng.SuiteRunner.run(SuiteRunner.java:240)
	at org.testng.SuiteRunnerWorker.runSuite(SuiteRunnerWorker.java:52)
	at org.testng.SuiteRunnerWorker.run(SuiteRunnerWorker.java:86)
	at org.testng.TestNG.runSuitesSequentially(TestNG.java:1198)
	at org.testng.TestNG.runSuitesLocally(TestNG.java:1123)
	at org.testng.TestNG.run(TestNG.java:1031)
	at org.testng.remote.AbstractRemoteTestNG.run(AbstractRemoteTestNG.java:114)
	at org.testng.remote.RemoteTestNG.initAndRun(RemoteTestNG.java:251)
	at org.testng.remote.RemoteTestNG.main(RemoteTestNG.java:77)
]]>
            </full-stacktrace>
          </exception> <!-- java.lang.AssertionError -->
          <reporter-output>
          </reporter-output>
        </test-method> <!-- LogInvalid -->
        <test-method status="PASS" signature="LoginValid()[pri:0, instance:Framworktests.Logintest@4b9e13df]" name="LoginValid" duration-ms="5" started-at="2018-07-25T12:17:13Z" finished-at="2018-07-25T12:17:13Z">
          <reporter-output>
          </reporter-output>
        </test-method> <!-- LoginValid -->
      </class> <!-- Framworktests.Logintest -->
    </test> <!-- Test1 -->
    <test name="Test2" duration-ms="16089" started-at="2018-07-25T06:47:14Z" finished-at="2018-07-25T06:47:30Z">
      <class name="Framworktests.Registrationtest">
        <test-method status="PASS" signature="beforeTest()[pri:0, instance:Framworktests.Registrationtest@6eebc39e]" name="beforeTest" is-config="true" duration-ms="10009" started-at="2018-07-25T12:17:14Z" finished-at="2018-07-25T12:17:24Z">
          <reporter-output>
          </reporter-output>
        </test-method> <!-- beforeTest -->
        <test-method status="PASS" signature="f()[pri:0, instance:Framworktests.Registrationtest@6eebc39e]" name="f" duration-ms="6062" started-at="2018-07-25T12:17:24Z" finished-at="2018-07-25T12:17:30Z">
          <reporter-output>
          </reporter-output>
        </test-method> <!-- f -->
        <test-method status="PASS" signature="afterTest()[pri:0, instance:Framworktests.Registrationtest@6eebc39e]" name="afterTest" is-config="true" duration-ms="1" started-at="2018-07-25T12:17:30Z" finished-at="2018-07-25T12:17:30Z">
          <reporter-output>
          </reporter-output>
        </test-method> <!-- afterTest -->
      </class> <!-- Framworktests.Registrationtest -->
      <class name="Framworktests.Logintest">
        <test-method status="PASS" signature="beforeSuite()[pri:0, instance:Framworktests.Logintest@4b9e13df]" name="beforeSuite" is-config="true" duration-ms="22" started-at="2018-07-25T12:17:13Z" finished-at="2018-07-25T12:17:13Z">
          <reporter-output>
          </reporter-output>
        </test-method> <!-- beforeSuite -->
        <test-method status="PASS" signature="afterSuite()[pri:0, instance:Framworktests.Logintest@4b9e13df]" name="afterSuite" is-config="true" duration-ms="0" started-at="2018-07-25T12:17:30Z" finished-at="2018-07-25T12:17:30Z">
          <reporter-output>
          </reporter-output>
        </test-method> <!-- afterSuite -->
      </class> <!-- Framworktests.Logintest -->
    </test> <!-- Test2 -->
  </suite> <!-- Suite -->
</testng-results>
